Job started at: Wed Nov 19 01:46:59 EST 2025
apptainer version 1.2.5-1.el7
Current git commit: 
c6762ebf
Using cached apptainer image
Container started
no checksums to verify
installing to /home/rra80/.local/bin
  uv
  uvx
everything's installed!
uv installed!
uv 0.9.10
Wed Nov 19 01:47:08 2025       
+---------------------------------------------------------------------------------------+
| NVIDIA-SMI 535.154.05             Driver Version: 535.154.05   CUDA Version: 13.0     |
|-----------------------------------------+----------------------+----------------------+
| GPU  Name                 Persistence-M | Bus-Id        Disp.A | Volatile Uncorr. ECC |
| Fan  Temp   Perf          Pwr:Usage/Cap |         Memory-Usage | GPU-Util  Compute M. |
|                                         |                      |               MIG M. |
|=========================================+======================+======================|
|   0  NVIDIA A100-PCIE-40GB          On  | 00000000:06:00.0 Off |                    0 |
| N/A   37C    P0              63W / 250W |  30711MiB / 40960MiB |     18%      Default |
|                                         |                      |             Disabled |
+-----------------------------------------+----------------------+----------------------+
|   1  NVIDIA A100-PCIE-40GB          On  | 00000000:2F:00.0 Off |                    0 |
| N/A   33C    P0              34W / 250W |    427MiB / 40960MiB |      0%      Default |
|                                         |                      |             Disabled |
+-----------------------------------------+----------------------+----------------------+
|   2  NVIDIA A100-PCIE-40GB          On  | 00000000:86:00.0 Off |                    0 |
| N/A   31C    P0              32W / 250W |      0MiB / 40960MiB |      0%      Default |
|                                         |                      |             Disabled |
+-----------------------------------------+----------------------+----------------------+
|   3  NVIDIA A100-PCIE-40GB          On  | 00000000:D8:00.0 Off |                    0 |
| N/A   31C    P0              31W / 250W |      0MiB / 40960MiB |      0%      Default |
|                                         |                      |             Disabled |
+-----------------------------------------+----------------------+----------------------+
                                                                                         
+---------------------------------------------------------------------------------------+
| Processes:                                                                            |
|  GPU   GI   CI        PID   Type   Process name                            GPU Memory |
|        ID   ID                                                             Usage      |
|=======================================================================================|
|    0   N/A  N/A    117057      C   ...emotion-detection/.venv/bin/python3    30702MiB |
|    1   N/A  N/A    117057      C   ...emotion-detection/.venv/bin/python3      418MiB |
+---------------------------------------------------------------------------------------+
nvcc: NVIDIA (R) Cuda compiler driver
Copyright (c) 2005-2025 NVIDIA Corporation
Built on Wed_Aug_20_01:58:59_PM_PDT_2025
Cuda compilation tools, release 13.0, V13.0.88
Build cuda_13.0.r13.0/compiler.36424714_0
[CudaDevice(id=0), CudaDevice(id=1)]
Final train loss:     0.0266
Final train accuracy: 0.8413
Final val loss:       1.1340
Final val accuracy:   0.6491
Final val F1: 0.6515
Final val macro F1: 0.6330
Test accuracy:         0.2584
Test F1: 0.2584
Test macro F1: 0.2508
Best epoch:            26
Best checkpoint:       /scratch/rra80/emotion-detection/runs/20251119-014724-2-gpu-run-full/checkpoints/epoch_0026
Artifacts stored in /scratch/rra80/emotion-detection/runs/20251119-014724-2-gpu-run-full
Job completed at: Wed Nov 19 03:50:00 EST 2025
