INFO:    underlay of /usr/bin/nvidia-cuda-mps-control required more than 50 (479) bind mounts
15:4: not a valid test operator:  
15:4: not a valid test operator: 13.0
21:4: not a valid test operator: (
21:4: not a valid test operator: 535.154.05
downloading uv 0.9.10 x86_64-unknown-linux-gnu
Using CPython 3.13.9
Removed virtual environment at: .venv
Creating virtual environment at: .venv
Resolved 75 packages in 4ms
warning: Failed to hardlink files; falling back to full copy. This may lead to degraded performance.
         If the cache and target directories are on different filesystems, hardlinking may not be supported.
         If this is intentional, set `export UV_LINK_MODE=copy` or use `--link-mode=copy` to suppress this warning.
Installed 73 packages in 15.11s
 + absl-py==2.3.1
 + aiofiles==25.1.0
 + annotated-types==0.7.0
 + chex==0.1.91
 + clu==0.0.12
 + coverage==7.11.3
 + etils==1.13.0
 + flax==0.12.0
 + fsspec==2025.10.0
 + google-metrax==0.2.4
 + grpcio==1.76.0
 + humanize==4.14.0
 + importlib-resources==6.5.2
 + iniconfig==2.3.0
 + jax==0.8.0
 + jax-cuda13-pjrt==0.8.0
 + jax-cuda13-plugin==0.8.0
 + jaxlib==0.8.0
 + markdown==3.10
 + markdown-it-py==4.0.0
 + markupsafe==3.0.3
 + mdurl==0.1.2
 + ml-collections==1.1.0
 + ml-dtypes==0.5.3
 + msgpack==1.1.2
 + nest-asyncio==1.6.0
 + numpy==2.3.4
 + nvidia-cublas==13.1.0.3
 + nvidia-cuda-crt==13.0.88
 + nvidia-cuda-cupti==13.0.85
 + nvidia-cuda-nvcc==13.0.88
 + nvidia-cuda-nvrtc==13.0.88
 + nvidia-cuda-runtime==13.0.96
 + nvidia-cudnn-cu13==9.16.0.29
 + nvidia-cufft==12.0.0.61
 + nvidia-cusolver==12.0.4.66
 + nvidia-cusparse==12.6.3.3
 + nvidia-nccl-cu13==2.28.7
 + nvidia-nvjitlink==13.0.88
 + nvidia-nvshmem-cu13==3.4.5
 + nvidia-nvvm==13.0.88
 + opt-einsum==3.4.0
 + optax==0.2.6
 + orbax-checkpoint==0.11.28
 + packaging==25.0
 + pillow==12.0.0
 + pluggy==1.6.0
 + protobuf==6.33.1
 + psutil==7.1.3
 + pydantic==2.12.4
 + pydantic-core==2.41.5
 + pygments==2.19.2
 + pytest==9.0.1
 + pytest-cov==7.0.0
 + pyyaml==6.0.3
 + rich==14.2.0
 + ruff==0.14.5
 + scipy==1.16.3
 + setuptools==80.9.0
 + simplejson==3.20.2
 + tensorboard==2.20.0
 + tensorboard-data-server==0.7.2
 + tensorboardx==2.6.4
 + tensorstore==0.1.79
 + tomli-w==1.2.0
 + toolz==1.1.0
 + treescope==0.1.10
 + ty==0.0.1a26
 + typing-extensions==4.15.0
 + typing-inspection==0.4.2
 + werkzeug==3.1.3
 + wrapt==2.0.1
 + zipp==3.23.0
