INFO:    underlay of /usr/bin/nvidia-smi required more than 50 (479) bind mounts
15:4: not a valid test operator:  
15:4: not a valid test operator: 13.0
21:4: not a valid test operator: (
21:4: not a valid test operator: 535.154.05
downloading uv 0.9.11 x86_64-unknown-linux-gnu
Downloading cpython-3.12.12-linux-x86_64-gnu (download) (31.6MiB)
 Downloaded cpython-3.12.12-linux-x86_64-gnu (download)
Installed Python 3.12.12 in 27.62s
 + cpython-3.12.12-linux-x86_64-gnu
Resolved 116 packages in 3ms
Uninstalled 1 package in 1.20s
 - opencv-python-headless==4.12.0.88
Resolved 2 packages in 42ms
warning: Failed to hardlink files; falling back to full copy. This may lead to degraded performance.
         If the cache and target directories are on different filesystems, hardlinking may not be supported.
         If this is intentional, set `export UV_LINK_MODE=copy` or use `--link-mode=copy` to suppress this warning.
Installed 1 package in 1.06s
 + opencv-python-headless==4.12.0.88
Resolved 9 packages in 61ms
warning: Failed to hardlink files; falling back to full copy. This may lead to degraded performance.
         If the cache and target directories are on different filesystems, hardlinking may not be supported.
         If this is intentional, set `export UV_LINK_MODE=copy` or use `--link-mode=copy` to suppress this warning.
Installed 1 package in 21.93s
 + sympy==1.14.0
Resolved 45 packages in 261ms
   Building insightface==0.7.3
Downloading onnx (17.4MiB)
      Built insightface==0.7.3
 Downloaded onnx
Prepared 2 packages in 28.57s
warning: Failed to hardlink files; falling back to full copy. This may lead to degraded performance.
         If the cache and target directories are on different filesystems, hardlinking may not be supported.
         If this is intentional, set `export UV_LINK_MODE=copy` or use `--link-mode=copy` to suppress this warning.
Installed 32 packages in 1m 23s
 + albucore==0.0.24
 + albumentations==2.0.8
 + certifi==2025.11.12
 + charset-normalizer==3.4.4
 + contourpy==1.3.3
 + cycler==0.12.1
 + cython==3.2.1
 + easydict==1.13
 + fonttools==4.60.1
 + idna==3.11
 + imageio==2.37.2
 + insightface==0.7.3
 + joblib==1.5.2
 + kiwisolver==1.4.9
 + lazy-loader==0.4
 + matplotlib==3.10.7
 + networkx==3.5
 + onnx==1.19.1
 + prettytable==3.17.0
 + pyparsing==3.2.5
 + python-dateutil==2.9.0.post0
 + requests==2.32.5
 + scikit-image==0.25.2
 + scikit-learn==1.7.2
 + simsimd==6.5.3
 + six==1.17.0
 + stringzilla==4.2.3
 + threadpoolctl==3.6.0
 + tifffile==2025.10.16
 + tqdm==4.67.1
 + urllib3==2.5.0
 + wcwidth==0.2.14
[1;31m2025-11-21 11:27:58.669839155 [E:onnxruntime:Default, env.cc:226 ThreadMain] pthread_setaffinity_np failed for thread: 25644, index: 33, mask: {34, }, error code: 22 error msg: Invalid argument. Specify the number of threads explicitly so the affinity is not set.[m
[1;31m2025-11-21 11:27:58.676464902 [E:onnxruntime:Default, env.cc:226 ThreadMain] pthread_setaffinity_np failed for thread: 25651, index: 40, mask: {41, }, error code: 22 error msg: Invalid argument. Specify the number of threads explicitly so the affinity is not set.[m
[1;31m2025-11-21 11:27:58.670019724 [E:onnxruntime:Default, env.cc:226 ThreadMain] pthread_setaffinity_np failed for thread: 25645, index: 34, mask: {35, }, error code: 22 error msg: Invalid argument. Specify the number of threads explicitly so the affinity is not set.[m
[1;31m2025-11-21 11:27:58.688366444 [E:onnxruntime:Default, env.cc:226 ThreadMain] pthread_setaffinity_np failed for thread: 25648, index: 37, mask: {38, }, error code: 22 error msg: Invalid argument. Specify the number of threads explicitly so the affinity is not set.[m
[1;31m2025-11-21 11:27:58.670342056 [E:onnxruntime:Default, env.cc:226 ThreadMain] pthread_setaffinity_np failed for thread: 25643, index: 32, mask: {33, }, error code: 22 error msg: Invalid argument. Specify the number of threads explicitly so the affinity is not set.[m
[1;31m2025-11-21 11:27:58.689514837 [E:onnxruntime:Default, env.cc:226 ThreadMain] pthread_setaffinity_np failed for thread: 25654, index: 43, mask: {44, }, error code: 22 error msg: Invalid argument. Specify the number of threads explicitly so the affinity is not set.[m
[1;31m2025-11-21 11:27:58.670038131 [E:onnxruntime:Default, env.cc:226 ThreadMain] pthread_setaffinity_np failed for thread: 25642, index: 31, mask: {32, }, error code: 22 error msg: Invalid argument. Specify the number of threads explicitly so the affinity is not set.[m
[1;31m2025-11-21 11:27:58.671502815 [E:onnxruntime:Default, env.cc:226 ThreadMain] pthread_setaffinity_np failed for thread: 25646, index: 35, mask: {36, }, error code: 22 error msg: Invalid argument. Specify the number of threads explicitly so the affinity is not set.[m
[1;31m2025-11-21 11:27:58.671584291 [E:onnxruntime:Default, env.cc:226 ThreadMain] pthread_setaffinity_np failed for thread: 25649, index: 38, mask: {39, }, error code: 22 error msg: Invalid argument. Specify the number of threads explicitly so the affinity is not set.[m
[1;31m2025-11-21 11:27:58.671919195 [E:onnxruntime:Default, env.cc:226 ThreadMain] pthread_setaffinity_np failed for thread: 25658, index: 47, mask: {48, }, error code: 22 error msg: Invalid argument. Specify the number of threads explicitly so the affinity is not set.[m
[1;31m2025-11-21 11:27:58.672909341 [E:onnxruntime:Default, env.cc:226 ThreadMain] pthread_setaffinity_np failed for thread: 25661, index: 50, mask: {51, }, error code: 22 error msg: Invalid argument. Specify the number of threads explicitly so the affinity is not set.[m
[1;31m2025-11-21 11:27:58.673528742 [E:onnxruntime:Default, env.cc:226 ThreadMain] pthread_setaffinity_np failed for thread: 25671, index: 60, mask: {61, }, error code: 22 error msg: Invalid argument. Specify the number of threads explicitly so the affinity is not set.[m
[1;31m2025-11-21 11:27:58.689370954 [E:onnxruntime:Default, env.cc:226 ThreadMain] pthread_setaffinity_np failed for thread: 25650, index: 39, mask: {40, }, error code: 22 error msg: Invalid argument. Specify the number of threads explicitly so the affinity is not set.[m
[1;31m2025-11-21 11:27:58.670474930 [E:onnxruntime:Default, env.cc:226 ThreadMain] pthread_setaffinity_np failed for thread: 25647, index: 36, mask: {37, }, error code: 22 error msg: Invalid argument. Specify the number of threads explicitly so the affinity is not set.[m
[1;31m2025-11-21 11:27:58.689761660 [E:onnxruntime:Default, env.cc:226 ThreadMain] pthread_setaffinity_np failed for thread: 25666, index: 55, mask: {56, }, error code: 22 error msg: Invalid argument. Specify the number of threads explicitly so the affinity is not set.[m
[1;31m2025-11-21 11:27:58.689721199 [E:onnxruntime:Default, env.cc:226 ThreadMain] pthread_setaffinity_np failed for thread: 25656, index: 45, mask: {46, }, error code: 22 error msg: Invalid argument. Specify the number of threads explicitly so the affinity is not set.[m
[1;31m2025-11-21 11:27:58.689765685 [E:onnxruntime:Default, env.cc:226 ThreadMain] pthread_setaffinity_np failed for thread: 25663, index: 52, mask: {53, }, error code: 22 error msg: Invalid argument. Specify the number of threads explicitly so the affinity is not set.[m
[1;31m2025-11-21 11:27:58.689756276 [E:onnxruntime:Default, env.cc:226 ThreadMain] pthread_setaffinity_np failed for thread: 25662, index: 51, mask: {52, }, error code: 22 error msg: Invalid argument. Specify the number of threads explicitly so the affinity is not set.[m
[1;31m2025-11-21 11:27:58.689762391 [E:onnxruntime:Default, env.cc:226 ThreadMain] pthread_setaffinity_np failed for thread: 25665, index: 54, mask: {55, }, error code: 22 error msg: Invalid argument. Specify the number of threads explicitly so the affinity is not set.[m
[1;31m2025-11-21 11:27:58.689765783 [E:onnxruntime:Default, env.cc:226 ThreadMain] pthread_setaffinity_np failed for thread: 25670, index: 59, mask: {60, }, error code: 22 error msg: Invalid argument. Specify the number of threads explicitly so the affinity is not set.[m
[1;31m2025-11-21 11:27:58.698224066 [E:onnxruntime:Default, env.cc:226 ThreadMain] pthread_setaffinity_np failed for thread: 25667, index: 56, mask: {57, }, error code: 22 error msg: Invalid argument. Specify the number of threads explicitly so the affinity is not set.[m
[1;31m2025-11-21 11:27:58.697871356 [E:onnxruntime:Default, env.cc:226 ThreadMain] pthread_setaffinity_np failed for thread: 25672, index: 61, mask: {62, }, error code: 22 error msg: Invalid argument. Specify the number of threads explicitly so the affinity is not set.[m
[1;31m2025-11-21 11:27:58.689718394 [E:onnxruntime:Default, env.cc:226 ThreadMain] pthread_setaffinity_np failed for thread: 25655, index: 44, mask: {45, }, error code: 22 error msg: Invalid argument. Specify the number of threads explicitly so the affinity is not set.[m
[1;31m2025-11-21 11:27:58.689714571 [E:onnxruntime:Default, env.cc:226 ThreadMain] pthread_setaffinity_np failed for thread: 25673, index: 62, mask: {63, }, error code: 22 error msg: Invalid argument. Specify the number of threads explicitly so the affinity is not set.[m
[1;31m2025-11-21 11:27:58.689715496 [E:onnxruntime:Default, env.cc:226 ThreadMain] pthread_setaffinity_np failed for thread: 25664, index: 53, mask: {54, }, error code: 22 error msg: Invalid argument. Specify the number of threads explicitly so the affinity is not set.[m
[1;31m2025-11-21 11:27:58.689745262 [E:onnxruntime:Default, env.cc:226 ThreadMain] pthread_setaffinity_np failed for thread: 25659, index: 48, mask: {49, }, error code: 22 error msg: Invalid argument. Specify the number of threads explicitly so the affinity is not set.[m
[1;31m2025-11-21 11:27:58.689747241 [E:onnxruntime:Default, env.cc:226 ThreadMain] pthread_setaffinity_np failed for thread: 25657, index: 46, mask: {47, }, error code: 22 error msg: Invalid argument. Specify the number of threads explicitly so the affinity is not set.[m
[1;31m2025-11-21 11:27:58.689754128 [E:onnxruntime:Default, env.cc:226 ThreadMain] pthread_setaffinity_np failed for thread: 25668, index: 57, mask: {58, }, error code: 22 error msg: Invalid argument. Specify the number of threads explicitly so the affinity is not set.[m
[1;31m2025-11-21 11:27:58.689748870 [E:onnxruntime:Default, env.cc:226 ThreadMain] pthread_setaffinity_np failed for thread: 25660, index: 49, mask: {50, }, error code: 22 error msg: Invalid argument. Specify the number of threads explicitly so the affinity is not set.[m
[1;31m2025-11-21 11:27:58.689763084 [E:onnxruntime:Default, env.cc:226 ThreadMain] pthread_setaffinity_np failed for thread: 25652, index: 41, mask: {42, }, error code: 22 error msg: Invalid argument. Specify the number of threads explicitly so the affinity is not set.[m
[1;31m2025-11-21 11:27:58.689751100 [E:onnxruntime:Default, env.cc:226 ThreadMain] pthread_setaffinity_np failed for thread: 25669, index: 58, mask: {59, }, error code: 22 error msg: Invalid argument. Specify the number of threads explicitly so the affinity is not set.[m
[1;31m2025-11-21 11:27:58.689737366 [E:onnxruntime:Default, env.cc:226 ThreadMain] pthread_setaffinity_np failed for thread: 25653, index: 42, mask: {43, }, error code: 22 error msg: Invalid argument. Specify the number of threads explicitly so the affinity is not set.[m
[1;31m2025-11-21 11:27:58.821951193 [E:onnxruntime:Default, provider_bridge_ort.cc:2251 TryGetProviderInfo_CUDA] /onnxruntime_src/onnxruntime/core/session/provider_bridge_ort.cc:1844 onnxruntime::Provider& onnxruntime::ProviderLibrary::Get() [ONNXRuntimeError] : 1 : FAIL : Failed to load library libonnxruntime_providers_cuda.so with error: libcublasLt.so.12: cannot open shared object file: No such file or directory
[m
[1;31m2025-11-21 11:27:59.159912879 [E:onnxruntime:Default, env.cc:226 ThreadMain] pthread_setaffinity_np failed for thread: 25705, index: 31, mask: {32, }, error code: 22 error msg: Invalid argument. Specify the number of threads explicitly so the affinity is not set.[m
[1;31m2025-11-21 11:27:59.168405506 [E:onnxruntime:Default, env.cc:226 ThreadMain] pthread_setaffinity_np failed for thread: 25709, index: 35, mask: {36, }, error code: 22 error msg: Invalid argument. Specify the number of threads explicitly so the affinity is not set.[m
[1;31m2025-11-21 11:27:59.169369253 [E:onnxruntime:Default, env.cc:226 ThreadMain] pthread_setaffinity_np failed for thread: 25713, index: 39, mask: {40, }, error code: 22 error msg: Invalid argument. Specify the number of threads explicitly so the affinity is not set.[m
[1;31m2025-11-21 11:27:59.169392655 [E:onnxruntime:Default, env.cc:226 ThreadMain] pthread_setaffinity_np failed for thread: 25715, index: 41, mask: {42, }, error code: 22 error msg: Invalid argument. Specify the number of threads explicitly so the affinity is not set.[m
[1;31m2025-11-21 11:27:59.171415191 [E:onnxruntime:Default, env.cc:226 ThreadMain] pthread_setaffinity_np failed for thread: 25717, index: 43, mask: {44, }, error code: 22 error msg: Invalid argument. Specify the number of threads explicitly so the affinity is not set.[m
[1;31m2025-11-21 11:27:59.172376090 [E:onnxruntime:Default, env.cc:226 ThreadMain] pthread_setaffinity_np failed for thread: 25707, index: 33, mask: {34, }, error code: 22 error msg: Invalid argument. Specify the number of threads explicitly so the affinity is not set.[m
[1;31m2025-11-21 11:27:59.175378285 [E:onnxruntime:Default, env.cc:226 ThreadMain] pthread_setaffinity_np failed for thread: 25721, index: 47, mask: {48, }, error code: 22 error msg: Invalid argument. Specify the number of threads explicitly so the affinity is not set.[m
[1;31m2025-11-21 11:27:59.175402173 [E:onnxruntime:Default, env.cc:226 ThreadMain] pthread_setaffinity_np failed for thread: 25724, index: 50, mask: {51, }, error code: 22 error msg: Invalid argument. Specify the number of threads explicitly so the affinity is not set.[m
[1;31m2025-11-21 11:27:59.169394783 [E:onnxruntime:Default, env.cc:226 ThreadMain] pthread_setaffinity_np failed for thread: 25714, index: 40, mask: {41, }, error code: 22 error msg: Invalid argument. Specify the number of threads explicitly so the affinity is not set.[m
[1;31m2025-11-21 11:27:59.169410030 [E:onnxruntime:Default, env.cc:226 ThreadMain] pthread_setaffinity_np failed for thread: 25716, index: 42, mask: {43, }, error code: 22 error msg: Invalid argument. Specify the number of threads explicitly so the affinity is not set.[m
[1;31m2025-11-21 11:27:59.169414471 [E:onnxruntime:Default, env.cc:226 ThreadMain] pthread_setaffinity_np failed for thread: 25719, index: 45, mask: {46, }, error code: 22 error msg: Invalid argument. Specify the number of threads explicitly so the affinity is not set.[m
[1;31m2025-11-21 11:27:59.172383495 [E:onnxruntime:Default, env.cc:226 ThreadMain] pthread_setaffinity_np failed for thread: 25708, index: 34, mask: {35, }, error code: 22 error msg: Invalid argument. Specify the number of threads explicitly so the affinity is not set.[m
[1;31m2025-11-21 11:27:59.172391294 [E:onnxruntime:Default, env.cc:226 ThreadMain] pthread_setaffinity_np failed for thread: 25706, index: 32, mask: {33, }, error code: 22 error msg: Invalid argument. Specify the number of threads explicitly so the affinity is not set.[m
[1;31m2025-11-21 11:27:59.168406997 [E:onnxruntime:Default, env.cc:226 ThreadMain] pthread_setaffinity_np failed for thread: 25710, index: 36, mask: {37, }, error code: 22 error msg: Invalid argument. Specify the number of threads explicitly so the affinity is not set.[m
[1;31m2025-11-21 11:27:59.177375773 [E:onnxruntime:Default, env.cc:226 ThreadMain] pthread_setaffinity_np failed for thread: 25711, index: 37, mask: {38, }, error code: 22 error msg: Invalid argument. Specify the number of threads explicitly so the affinity is not set.[m
[1;31m2025-11-21 11:27:59.168452985 [E:onnxruntime:Default, env.cc:226 ThreadMain] pthread_setaffinity_np failed for thread: 25712, index: 38, mask: {39, }, error code: 22 error msg: Invalid argument. Specify the number of threads explicitly so the affinity is not set.[m
[1;31m2025-11-21 11:27:59.169398086 [E:onnxruntime:Default, env.cc:226 ThreadMain] pthread_setaffinity_np failed for thread: 25720, index: 46, mask: {47, }, error code: 22 error msg: Invalid argument. Specify the number of threads explicitly so the affinity is not set.[m
[1;31m2025-11-21 11:27:59.175386847 [E:onnxruntime:Default, env.cc:226 ThreadMain] pthread_setaffinity_np failed for thread: 25731, index: 57, mask: {58, }, error code: 22 error msg: Invalid argument. Specify the number of threads explicitly so the affinity is not set.[m
[1;31m2025-11-21 11:27:59.175386538 [E:onnxruntime:Default, env.cc:226 ThreadMain] pthread_setaffinity_np failed for thread: 25732, index: 58, mask: {59, }, error code: 22 error msg: Invalid argument. Specify the number of threads explicitly so the affinity is not set.[m
[1;31m2025-11-21 11:27:59.175389978 [E:onnxruntime:Default, env.cc:226 ThreadMain] pthread_setaffinity_np failed for thread: 25733, index: 59, mask: {60, }, error code: 22 error msg: Invalid argument. Specify the number of threads explicitly so the affinity is not set.[m
[1;31m2025-11-21 11:27:59.175393376 [E:onnxruntime:Default, env.cc:226 ThreadMain] pthread_setaffinity_np failed for thread: 25736, index: 62, mask: {63, }, error code: 22 error msg: Invalid argument. Specify the number of threads explicitly so the affinity is not set.[m
[1;31m2025-11-21 11:27:59.175394069 [E:onnxruntime:Default, env.cc:226 ThreadMain] pthread_setaffinity_np failed for thread: 25725, index: 51, mask: {52, }, error code: 22 error msg: Invalid argument. Specify the number of threads explicitly so the affinity is not set.[m
[1;31m2025-11-21 11:27:59.175396504 [E:onnxruntime:Default, env.cc:226 ThreadMain] pthread_setaffinity_np failed for thread: 25735, index: 61, mask: {62, }, error code: 22 error msg: Invalid argument. Specify the number of threads explicitly so the affinity is not set.[m
[1;31m2025-11-21 11:27:59.175398315 [E:onnxruntime:Default, env.cc:226 ThreadMain] pthread_setaffinity_np failed for thread: 25726, index: 52, mask: {53, }, error code: 22 error msg: Invalid argument. Specify the number of threads explicitly so the affinity is not set.[m
[1;31m2025-11-21 11:27:59.175398405 [E:onnxruntime:Default, env.cc:226 ThreadMain] pthread_setaffinity_np failed for thread: 25727, index: 53, mask: {54, }, error code: 22 error msg: Invalid argument. Specify the number of threads explicitly so the affinity is not set.[m
[1;31m2025-11-21 11:27:59.175398508 [E:onnxruntime:Default, env.cc:226 ThreadMain] pthread_setaffinity_np failed for thread: 25734, index: 60, mask: {61, }, error code: 22 error msg: Invalid argument. Specify the number of threads explicitly so the affinity is not set.[m
[1;31m2025-11-21 11:27:59.175399607 [E:onnxruntime:Default, env.cc:226 ThreadMain] pthread_setaffinity_np failed for thread: 25723, index: 49, mask: {50, }, error code: 22 error msg: Invalid argument. Specify the number of threads explicitly so the affinity is not set.[m
[1;31m2025-11-21 11:27:59.169404337 [E:onnxruntime:Default, env.cc:226 ThreadMain] pthread_setaffinity_np failed for thread: 25718, index: 44, mask: {45, }, error code: 22 error msg: Invalid argument. Specify the number of threads explicitly so the affinity is not set.[m
[1;31m2025-11-21 11:27:59.175384253 [E:onnxruntime:Default, env.cc:226 ThreadMain] pthread_setaffinity_np failed for thread: 25729, index: 55, mask: {56, }, error code: 22 error msg: Invalid argument. Specify the number of threads explicitly so the affinity is not set.[m
[1;31m2025-11-21 11:27:59.175384212 [E:onnxruntime:Default, env.cc:226 ThreadMain] pthread_setaffinity_np failed for thread: 25722, index: 48, mask: {49, }, error code: 22 error msg: Invalid argument. Specify the number of threads explicitly so the affinity is not set.[m
[1;31m2025-11-21 11:27:59.175386740 [E:onnxruntime:Default, env.cc:226 ThreadMain] pthread_setaffinity_np failed for thread: 25730, index: 56, mask: {57, }, error code: 22 error msg: Invalid argument. Specify the number of threads explicitly so the affinity is not set.[m
[1;31m2025-11-21 11:27:59.175387172 [E:onnxruntime:Default, env.cc:226 ThreadMain] pthread_setaffinity_np failed for thread: 25728, index: 54, mask: {55, }, error code: 22 error msg: Invalid argument. Specify the number of threads explicitly so the affinity is not set.[m
[1;31m2025-11-21 11:27:59.228833264 [E:onnxruntime:Default, provider_bridge_ort.cc:2251 TryGetProviderInfo_CUDA] /onnxruntime_src/onnxruntime/core/session/provider_bridge_ort.cc:1844 onnxruntime::Provider& onnxruntime::ProviderLibrary::Get() [ONNXRuntimeError] : 1 : FAIL : Failed to load library libonnxruntime_providers_cuda.so with error: libcublasLt.so.12: cannot open shared object file: No such file or directory
[m
[1;31m2025-11-21 11:27:59.268480956 [E:onnxruntime:Default, env.cc:226 ThreadMain] pthread_setaffinity_np failed for thread: 25770, index: 31, mask: {32, }, error code: 22 error msg: Invalid argument. Specify the number of threads explicitly so the affinity is not set.[m
[1;31m2025-11-21 11:27:59.277366101 [E:onnxruntime:Default, env.cc:226 ThreadMain] pthread_setaffinity_np failed for thread: 25772, index: 33, mask: {34, }, error code: 22 error msg: Invalid argument. Specify the number of threads explicitly so the affinity is not set.[m
[1;31m2025-11-21 11:27:59.278365799 [E:onnxruntime:Default, env.cc:226 ThreadMain] pthread_setaffinity_np failed for thread: 25793, index: 54, mask: {55, }, error code: 22 error msg: Invalid argument. Specify the number of threads explicitly so the affinity is not set.[m
[1;31m2025-11-21 11:27:59.278382832 [E:onnxruntime:Default, env.cc:226 ThreadMain] pthread_setaffinity_np failed for thread: 25787, index: 48, mask: {49, }, error code: 22 error msg: Invalid argument. Specify the number of threads explicitly so the affinity is not set.[m
[1;31m2025-11-21 11:27:59.279372450 [E:onnxruntime:Default, env.cc:226 ThreadMain] pthread_setaffinity_np failed for thread: 25800, index: 61, mask: {62, }, error code: 22 error msg: Invalid argument. Specify the number of threads explicitly so the affinity is not set.[m
[1;31m2025-11-21 11:27:59.280365554 [E:onnxruntime:Default, env.cc:226 ThreadMain] pthread_setaffinity_np failed for thread: 25771, index: 32, mask: {33, }, error code: 22 error msg: Invalid argument. Specify the number of threads explicitly so the affinity is not set.[m
[1;31m2025-11-21 11:27:59.280375555 [E:onnxruntime:Default, env.cc:226 ThreadMain] pthread_setaffinity_np failed for thread: 25792, index: 53, mask: {54, }, error code: 22 error msg: Invalid argument. Specify the number of threads explicitly so the affinity is not set.[m
[1;31m2025-11-21 11:27:59.281373096 [E:onnxruntime:Default, env.cc:226 ThreadMain] pthread_setaffinity_np failed for thread: 25791, index: 52, mask: {53, }, error code: 22 error msg: Invalid argument. Specify the number of threads explicitly so the affinity is not set.[m
[1;31m2025-11-21 11:27:59.277368545 [E:onnxruntime:Default, env.cc:226 ThreadMain] pthread_setaffinity_np failed for thread: 25783, index: 44, mask: {45, }, error code: 22 error msg: Invalid argument. Specify the number of threads explicitly so the affinity is not set.[m
[1;31m2025-11-21 11:27:59.277373265 [E:onnxruntime:Default, env.cc:226 ThreadMain] pthread_setaffinity_np failed for thread: 25778, index: 39, mask: {40, }, error code: 22 error msg: Invalid argument. Specify the number of threads explicitly so the affinity is not set.[m
[1;31m2025-11-21 11:27:59.277374110 [E:onnxruntime:Default, env.cc:226 ThreadMain] pthread_setaffinity_np failed for thread: 25781, index: 42, mask: {43, }, error code: 22 error msg: Invalid argument. Specify the number of threads explicitly so the affinity is not set.[m
[1;31m2025-11-21 11:27:59.277374245 [E:onnxruntime:Default, env.cc:226 ThreadMain] pthread_setaffinity_np failed for thread: 25780, index: 41, mask: {42, }, error code: 22 error msg: Invalid argument. Specify the number of threads explicitly so the affinity is not set.[m
[1;31m2025-11-21 11:27:59.277374713 [E:onnxruntime:Default, env.cc:226 ThreadMain] pthread_setaffinity_np failed for thread: 25774, index: 35, mask: {36, }, error code: 22 error msg: Invalid argument. Specify the number of threads explicitly so the affinity is not set.[m
[1;31m2025-11-21 11:27:59.277368378 [E:onnxruntime:Default, env.cc:226 ThreadMain] pthread_setaffinity_np failed for thread: 25777, index: 38, mask: {39, }, error code: 22 error msg: Invalid argument. Specify the number of threads explicitly so the affinity is not set.[m
[1;31m2025-11-21 11:27:59.277375174 [E:onnxruntime:Default, env.cc:226 ThreadMain] pthread_setaffinity_np failed for thread: 25782, index: 43, mask: {44, }, error code: 22 error msg: Invalid argument. Specify the number of threads explicitly so the affinity is not set.[m
[1;31m2025-11-21 11:27:59.278366408 [E:onnxruntime:Default, env.cc:226 ThreadMain] pthread_setaffinity_np failed for thread: 25785, index: 46, mask: {47, }, error code: 22 error msg: Invalid argument. Specify the number of threads explicitly so the affinity is not set.[m
[1;31m2025-11-21 11:27:59.278371011 [E:onnxruntime:Default, env.cc:226 ThreadMain] pthread_setaffinity_np failed for thread: 25784, index: 45, mask: {46, }, error code: 22 error msg: Invalid argument. Specify the number of threads explicitly so the affinity is not set.[m
[1;31m2025-11-21 11:27:59.278367199 [E:onnxruntime:Default, env.cc:226 ThreadMain] pthread_setaffinity_np failed for thread: 25786, index: 47, mask: {48, }, error code: 22 error msg: Invalid argument. Specify the number of threads explicitly so the affinity is not set.[m
[1;31m2025-11-21 11:27:59.278371861 [E:onnxruntime:Default, env.cc:226 ThreadMain] pthread_setaffinity_np failed for thread: 25788, index: 49, mask: {50, }, error code: 22 error msg: Invalid argument. Specify the number of threads explicitly so the affinity is not set.[m
[1;31m2025-11-21 11:27:59.277370209 [E:onnxruntime:Default, env.cc:226 ThreadMain] pthread_setaffinity_np failed for thread: 25773, index: 34, mask: {35, }, error code: 22 error msg: Invalid argument. Specify the number of threads explicitly so the affinity is not set.[m
[1;31m2025-11-21 11:27:59.279374028 [E:onnxruntime:Default, env.cc:226 ThreadMain] pthread_setaffinity_np failed for thread: 25794, index: 55, mask: {56, }, error code: 22 error msg: Invalid argument. Specify the number of threads explicitly so the affinity is not set.[m
[1;31m2025-11-21 11:27:59.277366433 [E:onnxruntime:Default, env.cc:226 ThreadMain] pthread_setaffinity_np failed for thread: 25779, index: 40, mask: {41, }, error code: 22 error msg: Invalid argument. Specify the number of threads explicitly so the affinity is not set.[m
[1;31m2025-11-21 11:27:59.279372592 [E:onnxruntime:Default, env.cc:226 ThreadMain] pthread_setaffinity_np failed for thread: 25797, index: 58, mask: {59, }, error code: 22 error msg: Invalid argument. Specify the number of threads explicitly so the affinity is not set.[m
[1;31m2025-11-21 11:27:59.280368031 [E:onnxruntime:Default, env.cc:226 ThreadMain] pthread_setaffinity_np failed for thread: 25799, index: 60, mask: {61, }, error code: 22 error msg: Invalid argument. Specify the number of threads explicitly so the affinity is not set.[m
[1;31m2025-11-21 11:27:59.280375450 [E:onnxruntime:Default, env.cc:226 ThreadMain] pthread_setaffinity_np failed for thread: 25789, index: 50, mask: {51, }, error code: 22 error msg: Invalid argument. Specify the number of threads explicitly so the affinity is not set.[m
[1;31m2025-11-21 11:27:59.280379146 [E:onnxruntime:Default, env.cc:226 ThreadMain] pthread_setaffinity_np failed for thread: 25790, index: 51, mask: {52, }, error code: 22 error msg: Invalid argument. Specify the number of threads explicitly so the affinity is not set.[m
[1;31m2025-11-21 11:27:59.280383496 [E:onnxruntime:Default, env.cc:226 ThreadMain] pthread_setaffinity_np failed for thread: 25801, index: 62, mask: {63, }, error code: 22 error msg: Invalid argument. Specify the number of threads explicitly so the affinity is not set.[m
[1;31m2025-11-21 11:27:59.279373316 [E:onnxruntime:Default, env.cc:226 ThreadMain] pthread_setaffinity_np failed for thread: 25798, index: 59, mask: {60, }, error code: 22 error msg: Invalid argument. Specify the number of threads explicitly so the affinity is not set.[m
[1;31m2025-11-21 11:27:59.280385025 [E:onnxruntime:Default, env.cc:226 ThreadMain] pthread_setaffinity_np failed for thread: 25796, index: 57, mask: {58, }, error code: 22 error msg: Invalid argument. Specify the number of threads explicitly so the affinity is not set.[m
[1;31m2025-11-21 11:27:59.284379785 [E:onnxruntime:Default, env.cc:226 ThreadMain] pthread_setaffinity_np failed for thread: 25795, index: 56, mask: {57, }, error code: 22 error msg: Invalid argument. Specify the number of threads explicitly so the affinity is not set.[m
[1;31m2025-11-21 11:27:59.277373478 [E:onnxruntime:Default, env.cc:226 ThreadMain] pthread_setaffinity_np failed for thread: 25775, index: 36, mask: {37, }, error code: 22 error msg: Invalid argument. Specify the number of threads explicitly so the affinity is not set.[m
[1;31m2025-11-21 11:27:59.277372638 [E:onnxruntime:Default, env.cc:226 ThreadMain] pthread_setaffinity_np failed for thread: 25776, index: 37, mask: {38, }, error code: 22 error msg: Invalid argument. Specify the number of threads explicitly so the affinity is not set.[m
[1;31m2025-11-21 11:27:59.300153921 [E:onnxruntime:Default, provider_bridge_ort.cc:2251 TryGetProviderInfo_CUDA] /onnxruntime_src/onnxruntime/core/session/provider_bridge_ort.cc:1844 onnxruntime::Provider& onnxruntime::ProviderLibrary::Get() [ONNXRuntimeError] : 1 : FAIL : Failed to load library libonnxruntime_providers_cuda.so with error: libcublasLt.so.12: cannot open shared object file: No such file or directory
[m
[1;31m2025-11-21 11:27:59.357000662 [E:onnxruntime:Default, env.cc:226 ThreadMain] pthread_setaffinity_np failed for thread: 25834, index: 31, mask: {32, }, error code: 22 error msg: Invalid argument. Specify the number of threads explicitly so the affinity is not set.[m
[1;31m2025-11-21 11:27:59.363514532 [E:onnxruntime:Default, env.cc:226 ThreadMain] pthread_setaffinity_np failed for thread: 25846, index: 43, mask: {44, }, error code: 22 error msg: Invalid argument. Specify the number of threads explicitly so the affinity is not set.[m
[1;31m2025-11-21 11:27:59.366006764 [E:onnxruntime:Default, env.cc:226 ThreadMain] pthread_setaffinity_np failed for thread: 25843, index: 40, mask: {41, }, error code: 22 error msg: Invalid argument. Specify the number of threads explicitly so the affinity is not set.[m
[1;31m2025-11-21 11:27:59.375364980 [E:onnxruntime:Default, env.cc:226 ThreadMain] pthread_setaffinity_np failed for thread: 25844, index: 41, mask: {42, }, error code: 22 error msg: Invalid argument. Specify the number of threads explicitly so the affinity is not set.[m
[1;31m2025-11-21 11:27:59.375069040 [E:onnxruntime:Default, env.cc:226 ThreadMain] pthread_setaffinity_np failed for thread: 25838, index: 35, mask: {36, }, error code: 22 error msg: Invalid argument. Specify the number of threads explicitly so the affinity is not set.[m
[1;31m2025-11-21 11:27:59.373396538 [E:onnxruntime:Default, env.cc:226 ThreadMain] pthread_setaffinity_np failed for thread: 25842, index: 39, mask: {40, }, error code: 22 error msg: Invalid argument. Specify the number of threads explicitly so the affinity is not set.[m
[1;31m2025-11-21 11:27:59.375081618 [E:onnxruntime:Default, env.cc:226 ThreadMain] pthread_setaffinity_np failed for thread: 25839, index: 36, mask: {37, }, error code: 22 error msg: Invalid argument. Specify the number of threads explicitly so the affinity is not set.[m
[1;31m2025-11-21 11:27:59.375056986 [E:onnxruntime:Default, env.cc:226 ThreadMain] pthread_setaffinity_np failed for thread: 25837, index: 34, mask: {35, }, error code: 22 error msg: Invalid argument. Specify the number of threads explicitly so the affinity is not set.[m
[1;31m2025-11-21 11:27:59.375105090 [E:onnxruntime:Default, env.cc:226 ThreadMain] pthread_setaffinity_np failed for thread: 25841, index: 38, mask: {39, }, error code: 22 error msg: Invalid argument. Specify the number of threads explicitly so the affinity is not set.[m
[1;31m2025-11-21 11:27:59.375041639 [E:onnxruntime:Default, env.cc:226 ThreadMain] pthread_setaffinity_np failed for thread: 25835, index: 32, mask: {33, }, error code: 22 error msg: Invalid argument. Specify the number of threads explicitly so the affinity is not set.[m
[1;31m2025-11-21 11:27:59.375093450 [E:onnxruntime:Default, env.cc:226 ThreadMain] pthread_setaffinity_np failed for thread: 25840, index: 37, mask: {38, }, error code: 22 error msg: Invalid argument. Specify the number of threads explicitly so the affinity is not set.[m
[1;31m2025-11-21 11:27:59.376206521 [E:onnxruntime:Default, env.cc:226 ThreadMain] pthread_setaffinity_np failed for thread: 25845, index: 42, mask: {43, }, error code: 22 error msg: Invalid argument. Specify the number of threads explicitly so the affinity is not set.[m
[1;31m2025-11-21 11:27:59.378407967 [E:onnxruntime:Default, env.cc:226 ThreadMain] pthread_setaffinity_np failed for thread: 25853, index: 50, mask: {51, }, error code: 22 error msg: Invalid argument. Specify the number of threads explicitly so the affinity is not set.[m
[1;31m2025-11-21 11:27:59.378238539 [E:onnxruntime:Default, env.cc:226 ThreadMain] pthread_setaffinity_np failed for thread: 25859, index: 56, mask: {57, }, error code: 22 error msg: Invalid argument. Specify the number of threads explicitly so the affinity is not set.[m
[1;31m2025-11-21 11:27:59.378231145 [E:onnxruntime:Default, env.cc:226 ThreadMain] pthread_setaffinity_np failed for thread: 25852, index: 49, mask: {50, }, error code: 22 error msg: Invalid argument. Specify the number of threads explicitly so the affinity is not set.[m
[1;31m2025-11-21 11:27:59.391176832 [E:onnxruntime:Default, env.cc:226 ThreadMain] pthread_setaffinity_np failed for thread: 25855, index: 52, mask: {53, }, error code: 22 error msg: Invalid argument. Specify the number of threads explicitly so the affinity is not set.[m
[1;31m2025-11-21 11:27:59.381656610 [E:onnxruntime:Default, env.cc:226 ThreadMain] pthread_setaffinity_np failed for thread: 25860, index: 57, mask: {58, }, error code: 22 error msg: Invalid argument. Specify the number of threads explicitly so the affinity is not set.[m
[1;31m2025-11-21 11:27:59.378341293 [E:onnxruntime:Default, env.cc:226 ThreadMain] pthread_setaffinity_np failed for thread: 25848, index: 45, mask: {46, }, error code: 22 error msg: Invalid argument. Specify the number of threads explicitly so the affinity is not set.[m
[1;31m2025-11-21 11:27:59.378221110 [E:onnxruntime:Default, env.cc:226 ThreadMain] pthread_setaffinity_np failed for thread: 25857, index: 54, mask: {55, }, error code: 22 error msg: Invalid argument. Specify the number of threads explicitly so the affinity is not set.[m
[1;31m2025-11-21 11:27:59.391424135 [E:onnxruntime:Default, env.cc:226 ThreadMain] pthread_setaffinity_np failed for thread: 25858, index: 55, mask: {56, }, error code: 22 error msg: Invalid argument. Specify the number of threads explicitly so the affinity is not set.[m
[1;31m2025-11-21 11:27:59.378245168 [E:onnxruntime:Default, env.cc:226 ThreadMain] pthread_setaffinity_np failed for thread: 25847, index: 44, mask: {45, }, error code: 22 error msg: Invalid argument. Specify the number of threads explicitly so the affinity is not set.[m
[1;31m2025-11-21 11:27:59.392492205 [E:onnxruntime:Default, env.cc:226 ThreadMain] pthread_setaffinity_np failed for thread: 25854, index: 51, mask: {52, }, error code: 22 error msg: Invalid argument. Specify the number of threads explicitly so the affinity is not set.[m
[1;31m2025-11-21 11:27:59.378210642 [E:onnxruntime:Default, env.cc:226 ThreadMain] pthread_setaffinity_np failed for thread: 25856, index: 53, mask: {54, }, error code: 22 error msg: Invalid argument. Specify the number of threads explicitly so the affinity is not set.[m
[1;31m2025-11-21 11:27:59.391695073 [E:onnxruntime:Default, env.cc:226 ThreadMain] pthread_setaffinity_np failed for thread: 25865, index: 62, mask: {63, }, error code: 22 error msg: Invalid argument. Specify the number of threads explicitly so the affinity is not set.[m
[1;31m2025-11-21 11:27:59.391696024 [E:onnxruntime:Default, env.cc:226 ThreadMain] pthread_setaffinity_np failed for thread: 25851, index: 48, mask: {49, }, error code: 22 error msg: Invalid argument. Specify the number of threads explicitly so the affinity is not set.[m
[1;31m2025-11-21 11:27:59.391698706 [E:onnxruntime:Default, env.cc:226 ThreadMain] pthread_setaffinity_np failed for thread: 25864, index: 61, mask: {62, }, error code: 22 error msg: Invalid argument. Specify the number of threads explicitly so the affinity is not set.[m
[1;31m2025-11-21 11:27:59.378417046 [E:onnxruntime:Default, env.cc:226 ThreadMain] pthread_setaffinity_np failed for thread: 25849, index: 46, mask: {47, }, error code: 22 error msg: Invalid argument. Specify the number of threads explicitly so the affinity is not set.[m
[1;31m2025-11-21 11:27:59.391703163 [E:onnxruntime:Default, env.cc:226 ThreadMain] pthread_setaffinity_np failed for thread: 25850, index: 47, mask: {48, }, error code: 22 error msg: Invalid argument. Specify the number of threads explicitly so the affinity is not set.[m
[1;31m2025-11-21 11:27:59.391705885 [E:onnxruntime:Default, env.cc:226 ThreadMain] pthread_setaffinity_np failed for thread: 25863, index: 60, mask: {61, }, error code: 22 error msg: Invalid argument. Specify the number of threads explicitly so the affinity is not set.[m
[1;31m2025-11-21 11:27:59.391182483 [E:onnxruntime:Default, env.cc:226 ThreadMain] pthread_setaffinity_np failed for thread: 25836, index: 33, mask: {34, }, error code: 22 error msg: Invalid argument. Specify the number of threads explicitly so the affinity is not set.[m
[1;31m2025-11-21 11:27:59.394034871 [E:onnxruntime:Default, env.cc:226 ThreadMain] pthread_setaffinity_np failed for thread: 25862, index: 59, mask: {60, }, error code: 22 error msg: Invalid argument. Specify the number of threads explicitly so the affinity is not set.[m
[1;31m2025-11-21 11:27:59.394042543 [E:onnxruntime:Default, env.cc:226 ThreadMain] pthread_setaffinity_np failed for thread: 25861, index: 58, mask: {59, }, error code: 22 error msg: Invalid argument. Specify the number of threads explicitly so the affinity is not set.[m
[1;31m2025-11-21 11:27:59.396256991 [E:onnxruntime:Default, provider_bridge_ort.cc:2251 TryGetProviderInfo_CUDA] /onnxruntime_src/onnxruntime/core/session/provider_bridge_ort.cc:1844 onnxruntime::Provider& onnxruntime::ProviderLibrary::Get() [ONNXRuntimeError] : 1 : FAIL : Failed to load library libonnxruntime_providers_cuda.so with error: libcublasLt.so.12: cannot open shared object file: No such file or directory
[m
[1;31m2025-11-21 11:27:59.412829223 [E:onnxruntime:Default, env.cc:226 ThreadMain] pthread_setaffinity_np failed for thread: 25897, index: 31, mask: {32, }, error code: 22 error msg: Invalid argument. Specify the number of threads explicitly so the affinity is not set.[m
[1;31m2025-11-21 11:27:59.423371903 [E:onnxruntime:Default, env.cc:226 ThreadMain] pthread_setaffinity_np failed for thread: 25910, index: 44, mask: {45, }, error code: 22 error msg: Invalid argument. Specify the number of threads explicitly so the affinity is not set.[m
[1;31m2025-11-21 11:27:59.424371420 [E:onnxruntime:Default, env.cc:226 ThreadMain] pthread_setaffinity_np failed for thread: 25898, index: 32, mask: {33, }, error code: 22 error msg: Invalid argument. Specify the number of threads explicitly so the affinity is not set.[m
[1;31m2025-11-21 11:27:59.424395977 [E:onnxruntime:Default, env.cc:226 ThreadMain] pthread_setaffinity_np failed for thread: 25909, index: 43, mask: {44, }, error code: 22 error msg: Invalid argument. Specify the number of threads explicitly so the affinity is not set.[m
[1;31m2025-11-21 11:27:59.425370115 [E:onnxruntime:Default, env.cc:226 ThreadMain] pthread_setaffinity_np failed for thread: 25921, index: 55, mask: {56, }, error code: 22 error msg: Invalid argument. Specify the number of threads explicitly so the affinity is not set.[m
[1;31m2025-11-21 11:27:59.424375479 [E:onnxruntime:Default, env.cc:226 ThreadMain] pthread_setaffinity_np failed for thread: 25902, index: 36, mask: {37, }, error code: 22 error msg: Invalid argument. Specify the number of threads explicitly so the affinity is not set.[m
[1;31m2025-11-21 11:27:59.433368000 [E:onnxruntime:Default, env.cc:226 ThreadMain] pthread_setaffinity_np failed for thread: 25903, index: 37, mask: {38, }, error code: 22 error msg: Invalid argument. Specify the number of threads explicitly so the affinity is not set.[m
[1;31m2025-11-21 11:27:59.424370631 [E:onnxruntime:Default, env.cc:226 ThreadMain] pthread_setaffinity_np failed for thread: 25914, index: 48, mask: {49, }, error code: 22 error msg: Invalid argument. Specify the number of threads explicitly so the affinity is not set.[m
[1;31m2025-11-21 11:27:59.434366889 [E:onnxruntime:Default, env.cc:226 ThreadMain] pthread_setaffinity_np failed for thread: 25917, index: 51, mask: {52, }, error code: 22 error msg: Invalid argument. Specify the number of threads explicitly so the affinity is not set.[m
[1;31m2025-11-21 11:27:59.424372801 [E:onnxruntime:Default, env.cc:226 ThreadMain] pthread_setaffinity_np failed for thread: 25899, index: 33, mask: {34, }, error code: 22 error msg: Invalid argument. Specify the number of threads explicitly so the affinity is not set.[m
[1;31m2025-11-21 11:27:59.424374775 [E:onnxruntime:Default, env.cc:226 ThreadMain] pthread_setaffinity_np failed for thread: 25904, index: 38, mask: {39, }, error code: 22 error msg: Invalid argument. Specify the number of threads explicitly so the affinity is not set.[m
[1;31m2025-11-21 11:27:59.424374477 [E:onnxruntime:Default, env.cc:226 ThreadMain] pthread_setaffinity_np failed for thread: 25919, index: 53, mask: {54, }, error code: 22 error msg: Invalid argument. Specify the number of threads explicitly so the affinity is not set.[m
[1;31m2025-11-21 11:27:59.424378234 [E:onnxruntime:Default, env.cc:226 ThreadMain] pthread_setaffinity_np failed for thread: 25923, index: 57, mask: {58, }, error code: 22 error msg: Invalid argument. Specify the number of threads explicitly so the affinity is not set.[m
[1;31m2025-11-21 11:27:59.424382303 [E:onnxruntime:Default, env.cc:226 ThreadMain] pthread_setaffinity_np failed for thread: 25911, index: 45, mask: {46, }, error code: 22 error msg: Invalid argument. Specify the number of threads explicitly so the affinity is not set.[m
[1;31m2025-11-21 11:27:59.424380345 [E:onnxruntime:Default, env.cc:226 ThreadMain] pthread_setaffinity_np failed for thread: 25908, index: 42, mask: {43, }, error code: 22 error msg: Invalid argument. Specify the number of threads explicitly so the affinity is not set.[m
[1;31m2025-11-21 11:27:59.424377484 [E:onnxruntime:Default, env.cc:226 ThreadMain] pthread_setaffinity_np failed for thread: 25900, index: 34, mask: {35, }, error code: 22 error msg: Invalid argument. Specify the number of threads explicitly so the affinity is not set.[m
[1;31m2025-11-21 11:27:59.424381121 [E:onnxruntime:Default, env.cc:226 ThreadMain] pthread_setaffinity_np failed for thread: 25916, index: 50, mask: {51, }, error code: 22 error msg: Invalid argument. Specify the number of threads explicitly so the affinity is not set.[m
[1;31m2025-11-21 11:27:59.424383479 [E:onnxruntime:Default, env.cc:226 ThreadMain] pthread_setaffinity_np failed for thread: 25926, index: 60, mask: {61, }, error code: 22 error msg: Invalid argument. Specify the number of threads explicitly so the affinity is not set.[m
[1;31m2025-11-21 11:27:59.424383092 [E:onnxruntime:Default, env.cc:226 ThreadMain] pthread_setaffinity_np failed for thread: 25913, index: 47, mask: {48, }, error code: 22 error msg: Invalid argument. Specify the number of threads explicitly so the affinity is not set.[m
[1;31m2025-11-21 11:27:59.424384862 [E:onnxruntime:Default, env.cc:226 ThreadMain] pthread_setaffinity_np failed for thread: 25918, index: 52, mask: {53, }, error code: 22 error msg: Invalid argument. Specify the number of threads explicitly so the affinity is not set.[m
[1;31m2025-11-21 11:27:59.424385607 [E:onnxruntime:Default, env.cc:226 ThreadMain] pthread_setaffinity_np failed for thread: 25906, index: 40, mask: {41, }, error code: 22 error msg: Invalid argument. Specify the number of threads explicitly so the affinity is not set.[m
[1;31m2025-11-21 11:27:59.424392608 [E:onnxruntime:Default, env.cc:226 ThreadMain] pthread_setaffinity_np failed for thread: 25901, index: 35, mask: {36, }, error code: 22 error msg: Invalid argument. Specify the number of threads explicitly so the affinity is not set.[m
[1;31m2025-11-21 11:27:59.424397149 [E:onnxruntime:Default, env.cc:226 ThreadMain] pthread_setaffinity_np failed for thread: 25905, index: 39, mask: {40, }, error code: 22 error msg: Invalid argument. Specify the number of threads explicitly so the affinity is not set.[m
[1;31m2025-11-21 11:27:59.425372480 [E:onnxruntime:Default, env.cc:226 ThreadMain] pthread_setaffinity_np failed for thread: 25924, index: 58, mask: {59, }, error code: 22 error msg: Invalid argument. Specify the number of threads explicitly so the affinity is not set.[m
[1;31m2025-11-21 11:27:59.425376828 [E:onnxruntime:Default, env.cc:226 ThreadMain] pthread_setaffinity_np failed for thread: 25915, index: 49, mask: {50, }, error code: 22 error msg: Invalid argument. Specify the number of threads explicitly so the affinity is not set.[m
[1;31m2025-11-21 11:27:59.425377268 [E:onnxruntime:Default, env.cc:226 ThreadMain] pthread_setaffinity_np failed for thread: 25920, index: 54, mask: {55, }, error code: 22 error msg: Invalid argument. Specify the number of threads explicitly so the affinity is not set.[m
[1;31m2025-11-21 11:27:59.425376616 [E:onnxruntime:Default, env.cc:226 ThreadMain] pthread_setaffinity_np failed for thread: 25927, index: 61, mask: {62, }, error code: 22 error msg: Invalid argument. Specify the number of threads explicitly so the affinity is not set.[m
[1;31m2025-11-21 11:27:59.425377909 [E:onnxruntime:Default, env.cc:226 ThreadMain] pthread_setaffinity_np failed for thread: 25925, index: 59, mask: {60, }, error code: 22 error msg: Invalid argument. Specify the number of threads explicitly so the affinity is not set.[m
[1;31m2025-11-21 11:27:59.424372658 [E:onnxruntime:Default, env.cc:226 ThreadMain] pthread_setaffinity_np failed for thread: 25912, index: 46, mask: {47, }, error code: 22 error msg: Invalid argument. Specify the number of threads explicitly so the affinity is not set.[m
[1;31m2025-11-21 11:27:59.424368112 [E:onnxruntime:Default, env.cc:226 ThreadMain] pthread_setaffinity_np failed for thread: 25907, index: 41, mask: {42, }, error code: 22 error msg: Invalid argument. Specify the number of threads explicitly so the affinity is not set.[m
[1;31m2025-11-21 11:27:59.424376537 [E:onnxruntime:Default, env.cc:226 ThreadMain] pthread_setaffinity_np failed for thread: 25928, index: 62, mask: {63, }, error code: 22 error msg: Invalid argument. Specify the number of threads explicitly so the affinity is not set.[m
[1;31m2025-11-21 11:27:59.435367576 [E:onnxruntime:Default, env.cc:226 ThreadMain] pthread_setaffinity_np failed for thread: 25922, index: 56, mask: {57, }, error code: 22 error msg: Invalid argument. Specify the number of threads explicitly so the affinity is not set.[m
[1;31m2025-11-21 11:27:59.548390229 [E:onnxruntime:Default, provider_bridge_ort.cc:2251 TryGetProviderInfo_CUDA] /onnxruntime_src/onnxruntime/core/session/provider_bridge_ort.cc:1844 onnxruntime::Provider& onnxruntime::ProviderLibrary::Get() [ONNXRuntimeError] : 1 : FAIL : Failed to load library libonnxruntime_providers_cuda.so with error: libcublasLt.so.12: cannot open shared object file: No such file or directory
[m
mkdir: cannot create directory '/scratch': Read-only file system
