INFO:    underlay of /usr/bin/nvidia-smi required more than 50 (479) bind mounts
15:4: not a valid test operator:  
15:4: not a valid test operator: 13.0
21:4: not a valid test operator: (
21:4: not a valid test operator: 535.154.05
downloading uv 0.9.11 x86_64-unknown-linux-gnu
Python 3.12 is already installed
Resolved 116 packages in 3ms
Uninstalled 39 packages in 1m 09s
 - albucore==0.0.24
 - albumentations==2.0.8
 - certifi==2025.11.12
 - charset-normalizer==3.4.4
 - coloredlogs==15.0.1
 - contourpy==1.3.3
 - cycler==0.12.1
 - cython==3.2.1
 - easydict==1.13
 - flatbuffers==25.9.23
 - fonttools==4.60.1
 - humanfriendly==10.0
 - idna==3.11
 - imageio==2.37.2
 - insightface==0.7.3
 - joblib==1.5.2
 - kiwisolver==1.4.9
 - lazy-loader==0.4
 - matplotlib==3.10.7
 - mpmath==1.3.0
 - networkx==3.5
 - onnx==1.19.1
 - onnxruntime-gpu==1.23.2
 - opencv-python-headless==4.12.0.88
 - prettytable==3.17.0
 - pyparsing==3.2.5
 - python-dateutil==2.9.0.post0
 - requests==2.32.5
 - scikit-image==0.25.2
 - scikit-learn==1.7.2
 - simsimd==6.5.3
 - six==1.17.0
 - stringzilla==4.2.3
 - sympy==1.14.0
 - threadpoolctl==3.6.0
 - tifffile==2025.10.16
 - tqdm==4.67.1
 - urllib3==2.5.0
 - wcwidth==0.2.14
Resolved 2 packages in 265ms
warning: Failed to hardlink files; falling back to full copy. This may lead to degraded performance.
         If the cache and target directories are on different filesystems, hardlinking may not be supported.
         If this is intentional, set `export UV_LINK_MODE=copy` or use `--link-mode=copy` to suppress this warning.
Installed 1 package in 2.42s
 + opencv-python-headless==4.12.0.88
Resolved 9 packages in 281ms
warning: Failed to hardlink files; falling back to full copy. This may lead to degraded performance.
         If the cache and target directories are on different filesystems, hardlinking may not be supported.
         If this is intentional, set `export UV_LINK_MODE=copy` or use `--link-mode=copy` to suppress this warning.
Installed 6 packages in 18.85s
 + coloredlogs==15.0.1
 + flatbuffers==25.9.23
 + humanfriendly==10.0
 + mpmath==1.3.0
 + onnxruntime-gpu==1.23.2
 + sympy==1.14.0
Resolved 45 packages in 609ms
warning: Failed to hardlink files; falling back to full copy. This may lead to degraded performance.
         If the cache and target directories are on different filesystems, hardlinking may not be supported.
         If this is intentional, set `export UV_LINK_MODE=copy` or use `--link-mode=copy` to suppress this warning.
Installed 32 packages in 42.24s
 + albucore==0.0.24
 + albumentations==2.0.8
 + certifi==2025.11.12
 + charset-normalizer==3.4.4
 + contourpy==1.3.3
 + cycler==0.12.1
 + cython==3.2.1
 + easydict==1.13
 + fonttools==4.60.1
 + idna==3.11
 + imageio==2.37.2
 + insightface==0.7.3
 + joblib==1.5.2
 + kiwisolver==1.4.9
 + lazy-loader==0.4
 + matplotlib==3.10.7
 + networkx==3.5
 + onnx==1.19.1
 + prettytable==3.17.0
 + pyparsing==3.2.5
 + python-dateutil==2.9.0.post0
 + requests==2.32.5
 + scikit-image==0.25.2
 + scikit-learn==1.7.2
 + simsimd==6.5.3
 + six==1.17.0
 + stringzilla==4.2.3
 + threadpoolctl==3.6.0
 + tifffile==2025.10.16
 + tqdm==4.67.1
 + urllib3==2.5.0
 + wcwidth==0.2.14
[1;31m2025-11-21 11:54:36.061447388 [E:onnxruntime:Default, provider_bridge_ort.cc:2251 TryGetProviderInfo_CUDA] /onnxruntime_src/onnxruntime/core/session/provider_bridge_ort.cc:1844 onnxruntime::Provider& onnxruntime::ProviderLibrary::Get() [ONNXRuntimeError] : 1 : FAIL : Failed to load library libonnxruntime_providers_cuda.so with error: libcublasLt.so.12: cannot open shared object file: No such file or directory
[m
[1;31m2025-11-21 11:54:36.481553757 [E:onnxruntime:Default, provider_bridge_ort.cc:2251 TryGetProviderInfo_CUDA] /onnxruntime_src/onnxruntime/core/session/provider_bridge_ort.cc:1844 onnxruntime::Provider& onnxruntime::ProviderLibrary::Get() [ONNXRuntimeError] : 1 : FAIL : Failed to load library libonnxruntime_providers_cuda.so with error: libcublasLt.so.12: cannot open shared object file: No such file or directory
[m
[1;31m2025-11-21 11:54:36.608426108 [E:onnxruntime:Default, provider_bridge_ort.cc:2251 TryGetProviderInfo_CUDA] /onnxruntime_src/onnxruntime/core/session/provider_bridge_ort.cc:1844 onnxruntime::Provider& onnxruntime::ProviderLibrary::Get() [ONNXRuntimeError] : 1 : FAIL : Failed to load library libonnxruntime_providers_cuda.so with error: libcublasLt.so.12: cannot open shared object file: No such file or directory
[m
[1;31m2025-11-21 11:54:36.710053766 [E:onnxruntime:Default, provider_bridge_ort.cc:2251 TryGetProviderInfo_CUDA] /onnxruntime_src/onnxruntime/core/session/provider_bridge_ort.cc:1844 onnxruntime::Provider& onnxruntime::ProviderLibrary::Get() [ONNXRuntimeError] : 1 : FAIL : Failed to load library libonnxruntime_providers_cuda.so with error: libcublasLt.so.12: cannot open shared object file: No such file or directory
[m
[1;31m2025-11-21 11:54:36.971733133 [E:onnxruntime:Default, provider_bridge_ort.cc:2251 TryGetProviderInfo_CUDA] /onnxruntime_src/onnxruntime/core/session/provider_bridge_ort.cc:1844 onnxruntime::Provider& onnxruntime::ProviderLibrary::Get() [ONNXRuntimeError] : 1 : FAIL : Failed to load library libonnxruntime_providers_cuda.so with error: libcublasLt.so.12: cannot open shared object file: No such file or directory
[m
Traceback (most recent call last):
  File "<frozen runpy>", line 198, in _run_module_as_main
  File "<frozen runpy>", line 88, in _run_code
  File "/home/vss54/emotion/emotion-detection/src/main.py", line 500, in <module>
    main()
  File "/home/vss54/emotion/emotion-detection/src/main.py", line 493, in main
    metrics = train_and_evaluate(training_config)
              ^^^^^^^^^^^^^^^^^^^^^^^^^^^^^^^^^^^
  File "/home/vss54/emotion/emotion-detection/src/train.py", line 520, in train_and_evaluate
    mesh = mesh or mesh_utils.create_device_mesh((num_devices,))
           ^^^^
UnboundLocalError: cannot access local variable 'mesh' where it is not associated with a value
