Job started at: Fri Nov 21 11:11:14 EST 2025
apptainer version 1.2.5-1.el7
Current git commit: 
93323f1a
Using cached apptainer image
Container started
no checksums to verify
installing to /home/vss54/.local/bin
  uv
  uvx
everything's installed!
uv installed!
uv 0.9.11
Installing dependencies with InsightFace support...
Installing headless OpenCV for HPC environment...
=== GPU Check ===
Fri Nov 21 11:11:26 2025       
+---------------------------------------------------------------------------------------+
| NVIDIA-SMI 535.154.05             Driver Version: 535.154.05   CUDA Version: 13.0     |
|-----------------------------------------+----------------------+----------------------+
| GPU  Name                 Persistence-M | Bus-Id        Disp.A | Volatile Uncorr. ECC |
| Fan  Temp   Perf          Pwr:Usage/Cap |         Memory-Usage | GPU-Util  Compute M. |
|                                         |                      |               MIG M. |
|=========================================+======================+======================|
|   0  NVIDIA A100-PCIE-40GB          On  | 00000000:17:00.0 Off |                    0 |
| N/A   28C    P0              35W / 250W |      0MiB / 40960MiB |      0%      Default |
|                                         |                      |             Disabled |
+-----------------------------------------+----------------------+----------------------+
|   1  NVIDIA A100-PCIE-40GB          On  | 00000000:31:00.0 Off |                    0 |
| N/A   27C    P0              33W / 250W |      0MiB / 40960MiB |      0%      Default |
|                                         |                      |             Disabled |
+-----------------------------------------+----------------------+----------------------+
|   2  NVIDIA A100-PCIE-40GB          On  | 00000000:B1:00.0 Off |                    0 |
| N/A   27C    P0              32W / 250W |      0MiB / 40960MiB |      0%      Default |
|                                         |                      |             Disabled |
+-----------------------------------------+----------------------+----------------------+
|   3  NVIDIA A100-PCIE-40GB          On  | 00000000:CA:00.0 Off |                    0 |
| N/A   28C    P0              34W / 250W |      0MiB / 40960MiB |      0%      Default |
|                                         |                      |             Disabled |
+-----------------------------------------+----------------------+----------------------+
                                                                                         
+---------------------------------------------------------------------------------------+
| Processes:                                                                            |
|  GPU   GI   CI        PID   Type   Process name                            GPU Memory |
|        ID   ID                                                             Usage      |
|=======================================================================================|
|  No running processes found                                                           |
+---------------------------------------------------------------------------------------+
nvcc: NVIDIA (R) Cuda compiler driver
Copyright (c) 2005-2025 NVIDIA Corporation
Built on Wed_Aug_20_01:58:59_PM_PDT_2025
Cuda compilation tools, release 13.0, V13.0.88
Build cuda_13.0.r13.0/compiler.36424714_0
JAX devices: [CudaDevice(id=0), CudaDevice(id=1)]
=== Verifying InsightFace Installation (Headless Mode) ===
ERROR: OpenCV not available: No module named 'cv2'
Job completed at: Fri Nov 21 11:11:36 EST 2025
