apptainer version 1.2.5-1.el7
Current git commit: 
f31aece6
Using cached apptainer image
Container started
no checksums to verify
installing to /home/rra80/.local/bin
  uv
  uvx
everything's installed!
uv installed!
uv 0.9.10
Wed Nov 19 00:55:00 2025       
+---------------------------------------------------------------------------------------+
| NVIDIA-SMI 535.154.05             Driver Version: 535.154.05   CUDA Version: 13.0     |
|-----------------------------------------+----------------------+----------------------+
| GPU  Name                 Persistence-M | Bus-Id        Disp.A | Volatile Uncorr. ECC |
| Fan  Temp   Perf          Pwr:Usage/Cap |         Memory-Usage | GPU-Util  Compute M. |
|                                         |                      |               MIG M. |
|=========================================+======================+======================|
|   0  NVIDIA A100-PCIE-40GB          On  | 00000000:06:00.0 Off |                    0 |
| N/A   32C    P0              46W / 250W |      0MiB / 40960MiB |      0%      Default |
|                                         |                      |             Disabled |
+-----------------------------------------+----------------------+----------------------+
|   1  NVIDIA A100-PCIE-40GB          On  | 00000000:2F:00.0 Off |                    0 |
| N/A   32C    P0              31W / 250W |      0MiB / 40960MiB |      0%      Default |
|                                         |                      |             Disabled |
+-----------------------------------------+----------------------+----------------------+
|   2  NVIDIA A100-PCIE-40GB          On  | 00000000:86:00.0 Off |                    0 |
| N/A   31C    P0              32W / 250W |      0MiB / 40960MiB |      0%      Default |
|                                         |                      |             Disabled |
+-----------------------------------------+----------------------+----------------------+
|   3  NVIDIA A100-PCIE-40GB          On  | 00000000:D8:00.0 Off |                    0 |
| N/A   31C    P0              31W / 250W |      0MiB / 40960MiB |      0%      Default |
|                                         |                      |             Disabled |
+-----------------------------------------+----------------------+----------------------+
                                                                                         
+---------------------------------------------------------------------------------------+
| Processes:                                                                            |
|  GPU   GI   CI        PID   Type   Process name                            GPU Memory |
|        ID   ID                                                             Usage      |
|=======================================================================================|
|  No running processes found                                                           |
+---------------------------------------------------------------------------------------+
nvcc: NVIDIA (R) Cuda compiler driver
Copyright (c) 2005-2025 NVIDIA Corporation
Built on Wed_Aug_20_01:58:59_PM_PDT_2025
Cuda compilation tools, release 13.0, V13.0.88
Build cuda_13.0.r13.0/compiler.36424714_0
[CudaDevice(id=0)]
Final train loss:     0.1170
Final train accuracy: 0.3162
Final val loss:       1.5217
Final val accuracy:   0.4234
Final val F1: 0.4237
Final val macro F1: 0.3559
Test accuracy:         0.2249
Test F1: 0.2249
Test macro F1: 0.1853
Best epoch:            2
Best checkpoint:       /scratch/rra80/emotion-detection/runs/20251119-005506-gh-full/checkpoints/epoch_0002
Artifacts stored in /scratch/rra80/emotion-detection/runs/20251119-005506-gh-full
