INFO:    underlay of /usr/bin/nvidia-smi required more than 50 (479) bind mounts
15:4: not a valid test operator:  
15:4: not a valid test operator: 13.0
21:4: not a valid test operator: (
21:4: not a valid test operator: 535.154.05
+ set -e
+ set -u
+ set -o pipefail
+ echo ''
+ echo '=== STEP 0: Environment Setup ==='
+ export QT_QPA_PLATFORM=offscreen
+ QT_QPA_PLATFORM=offscreen
+ export MPLBACKEND=Agg
+ MPLBACKEND=Agg
+ export OPENCV_IO_ENABLE_OPENEXR=0
+ OPENCV_IO_ENABLE_OPENEXR=0
+ unset DISPLAY
+ echo 'Environment variables set:'
+ echo '  QT_QPA_PLATFORM=offscreen'
+ echo '  MPLBACKEND=Agg'
+ echo ''
+ echo '=== STEP 1: Installing uv ==='
+ command -v uv
+ curl -LsSf https://astral.sh/uv/install.sh
+ sh
downloading uv 0.9.11 x86_64-unknown-linux-gnu
+ source /home/vss54/.local/bin/env
++ case ":${PATH}:" in
++ export PATH=/home/vss54/.local/bin:/usr/local/nvidia/bin:/usr/local/cuda/bin:/usr/local/mpi/bin:/usr/local/sbin:/usr/local/bin:/usr/sbin:/usr/bin:/sbin:/bin:/usr/local/ucx/bin:/opt/amazon/efa/bin
++ PATH=/home/vss54/.local/bin:/usr/local/nvidia/bin:/usr/local/cuda/bin:/usr/local/mpi/bin:/usr/local/sbin:/usr/local/bin:/usr/sbin:/usr/bin:/sbin:/bin:/usr/local/ucx/bin:/opt/amazon/efa/bin
+ uv --version
+ echo ''
+ echo '=== STEP 2: Installing opencv-python-headless ==='
+ uv pip install --no-deps opencv-python-headless==4.10.0.84
Resolved 1 package in 11ms
Uninstalled 1 package in 104ms
warning: Failed to hardlink files; falling back to full copy. This may lead to degraded performance.
         If the cache and target directories are on different filesystems, hardlinking may not be supported.
         If this is intentional, set `export UV_LINK_MODE=copy` or use `--link-mode=copy` to suppress this warning.
Installed 1 package in 316ms
 - opencv-python-headless==4.12.0.88
 + opencv-python-headless==4.10.0.84
+ echo 'opencv-python-headless installed successfully'
+ echo ''
+ echo '=== STEP 3: Syncing base dependencies ==='
+ uv sync --group cuda
Using CPython 3.12.3 interpreter at: /usr/bin/python3
Removed virtual environment at: .venv
Creating virtual environment at: .venv
warning: Resolving despite existing lockfile due to fork markers being disjoint with `requires-python`: `python_full_version == '3.13.*'` vs `python_full_version >= '3.10' and python_full_version < '3.13'`
  × No solution found when resolving dependencies for split (markers:
  │ python_full_version == '3.10.*'):
  ╰─▶ Because the requested Python version (>=3.10, <3.13) does not satisfy
      Python>=3.11 and chex==0.1.91 depends on Python>=3.11, we can conclude
      that chex==0.1.91 cannot be used.
      And because only chex<=0.1.91 is available and your project depends
      on chex>=0.1.91, we can conclude that your project's requirements are
      unsatisfiable.

      hint: The `requires-python` value (>=3.10, <3.13) includes Python
      versions that are not supported by your dependencies (e.g.,
      chex==0.1.91 only supports >=3.11). Consider using a more restrictive
      `requires-python` value (like >=3.11).

      hint: While the active Python version is 3.12, the resolution failed for
      other Python versions supported by your project. Consider limiting your
      project's supported Python versions using `requires-python`.
+ echo 'ERROR: Failed to sync base dependencies'
+ exit 1
