INFO:    underlay of /usr/bin/nvidia-smi required more than 50 (479) bind mounts
15:4: not a valid test operator:  
15:4: not a valid test operator: 13.0
21:4: not a valid test operator: (
21:4: not a valid test operator: 535.154.05
downloading uv 0.9.11 x86_64-unknown-linux-gnu
Resolved 117 packages in 16.73s
   Building insightface==0.7.3
Downloading onnxruntime (16.6MiB)
Downloading numpy (15.8MiB)
Downloading matplotlib (8.3MiB)
Downloading sympy (6.0MiB)
Downloading fonttools (4.7MiB)
Downloading cython (3.2MiB)
Downloading networkx (1.9MiB)
Downloading kiwisolver (1.4MiB)
Downloading simsimd (1.0MiB)
Downloading opencv-python (63.9MiB)
Downloading scikit-image (14.3MiB)
Downloading onnxruntime-gpu (286.6MiB)
Downloading onnx (17.4MiB)
Downloading scikit-learn (9.0MiB)
Downloading opencv-python-headless (51.5MiB)
 Downloaded simsimd
 Downloaded kiwisolver
 Downloaded cython
 Downloaded networkx
 Downloaded fonttools
 Downloaded matplotlib
 Downloaded scikit-learn
 Downloaded numpy
 Downloaded scikit-image
 Downloaded onnxruntime
 Downloaded opencv-python-headless
 Downloaded opencv-python
 Downloaded sympy
      Built insightface==0.7.3
 Downloaded onnxruntime-gpu
 Downloaded onnx
Prepared 42 packages in 28.89s
Uninstalled 1 package in 4.60s
warning: Failed to hardlink files; falling back to full copy. This may lead to degraded performance.
         If the cache and target directories are on different filesystems, hardlinking may not be supported.
         If this is intentional, set `export UV_LINK_MODE=copy` or use `--link-mode=copy` to suppress this warning.
Installed 42 packages in 28.72s
 + albucore==0.0.24
 + albumentations==2.0.8
 + certifi==2025.11.12
 + charset-normalizer==3.4.4
 + coloredlogs==15.0.1
 + contourpy==1.3.3
 + cycler==0.12.1
 + cython==3.2.1
 + easydict==1.13
 + flatbuffers==25.9.23
 + fonttools==4.60.1
 + humanfriendly==10.0
 + idna==3.11
 + imageio==2.37.2
 + insightface==0.7.3
 + joblib==1.5.2
 + kiwisolver==1.4.9
 + lazy-loader==0.4
 + matplotlib==3.10.7
 + mpmath==1.3.0
 + networkx==3.5
 - numpy==2.3.4
 + numpy==2.2.6
 + onnx==1.19.1
 + onnxruntime==1.23.2
 + onnxruntime-gpu==1.23.2
 + opencv-python==4.12.0.88
 + opencv-python-headless==4.12.0.88
 + prettytable==3.17.0
 + pyparsing==3.2.5
 + python-dateutil==2.9.0.post0
 + requests==2.32.5
 + scikit-image==0.25.2
 + scikit-learn==1.7.2
 + simsimd==6.5.3
 + six==1.17.0
 + stringzilla==4.2.3
 + sympy==1.14.0
 + threadpoolctl==3.6.0
 + tifffile==2025.10.16
 + tqdm==4.67.1
 + urllib3==2.5.0
 + wcwidth==0.2.14
