INFO:    underlay of /usr/bin/nvidia-cuda-mps-server required more than 50 (479) bind mounts
15:4: not a valid test operator:  
15:4: not a valid test operator: 13.0
21:4: not a valid test operator: (
21:4: not a valid test operator: 535.154.05
downloading uv 0.9.10 x86_64-unknown-linux-gnu
Resolved 75 packages in 7ms
Audited 73 packages in 925ms
WARNING:absl:[process=0][thread=MainThread][operation_id=1] _SignalingThread.join() waiting for signals ([]) blocking the main thread will slow down blocking save times. This is likely due to main thread calling result() on a CommitFuture.
WARNING:absl:[process=0][thread=MainThread][operation_id=2] _SignalingThread.join() waiting for signals ([]) blocking the main thread will slow down blocking save times. This is likely due to main thread calling result() on a CommitFuture.
WARNING:absl:[process=0][thread=MainThread][operation_id=3] _SignalingThread.join() waiting for signals ([]) blocking the main thread will slow down blocking save times. This is likely due to main thread calling result() on a CommitFuture.
WARNING:absl:[process=0][thread=MainThread][operation_id=4] _SignalingThread.join() waiting for signals ([]) blocking the main thread will slow down blocking save times. This is likely due to main thread calling result() on a CommitFuture.
WARNING:absl:[process=0][thread=MainThread][operation_id=5] _SignalingThread.join() waiting for signals ([]) blocking the main thread will slow down blocking save times. This is likely due to main thread calling result() on a CommitFuture.
WARNING:absl:[process=0][thread=MainThread][operation_id=6] _SignalingThread.join() waiting for signals ([]) blocking the main thread will slow down blocking save times. This is likely due to main thread calling result() on a CommitFuture.
WARNING:absl:[process=0][thread=MainThread][operation_id=7] _SignalingThread.join() waiting for signals ([]) blocking the main thread will slow down blocking save times. This is likely due to main thread calling result() on a CommitFuture.
WARNING:absl:[process=0][thread=MainThread][operation_id=8] _SignalingThread.join() waiting for signals ([]) blocking the main thread will slow down blocking save times. This is likely due to main thread calling result() on a CommitFuture.
WARNING:absl:[process=0][thread=MainThread][operation_id=9] _SignalingThread.join() waiting for signals ([]) blocking the main thread will slow down blocking save times. This is likely due to main thread calling result() on a CommitFuture.
WARNING:absl:[process=0][thread=MainThread][operation_id=10] _SignalingThread.join() waiting for signals ([]) blocking the main thread will slow down blocking save times. This is likely due to main thread calling result() on a CommitFuture.
WARNING:absl:[process=0][thread=MainThread][operation_id=11] _SignalingThread.join() waiting for signals ([]) blocking the main thread will slow down blocking save times. This is likely due to main thread calling result() on a CommitFuture.
WARNING:absl:[process=0][thread=MainThread][operation_id=12] _SignalingThread.join() waiting for signals ([]) blocking the main thread will slow down blocking save times. This is likely due to main thread calling result() on a CommitFuture.
WARNING:absl:[process=0][thread=MainThread][operation_id=13] _SignalingThread.join() waiting for signals ([]) blocking the main thread will slow down blocking save times. This is likely due to main thread calling result() on a CommitFuture.
WARNING:absl:[process=0][thread=MainThread][operation_id=14] _SignalingThread.join() waiting for signals ([]) blocking the main thread will slow down blocking save times. This is likely due to main thread calling result() on a CommitFuture.
WARNING:absl:[process=0][thread=MainThread][operation_id=15] _SignalingThread.join() waiting for signals ([]) blocking the main thread will slow down blocking save times. This is likely due to main thread calling result() on a CommitFuture.
WARNING:absl:[process=0][thread=MainThread][operation_id=16] _SignalingThread.join() waiting for signals ([]) blocking the main thread will slow down blocking save times. This is likely due to main thread calling result() on a CommitFuture.
WARNING:absl:[process=0][thread=MainThread][operation_id=17] _SignalingThread.join() waiting for signals ([]) blocking the main thread will slow down blocking save times. This is likely due to main thread calling result() on a CommitFuture.
WARNING:absl:[process=0][thread=MainThread][operation_id=18] _SignalingThread.join() waiting for signals ([]) blocking the main thread will slow down blocking save times. This is likely due to main thread calling result() on a CommitFuture.
WARNING:absl:[process=0][thread=MainThread][operation_id=19] _SignalingThread.join() waiting for signals ([]) blocking the main thread will slow down blocking save times. This is likely due to main thread calling result() on a CommitFuture.
WARNING:absl:[process=0][thread=MainThread][operation_id=20] _SignalingThread.join() waiting for signals ([]) blocking the main thread will slow down blocking save times. This is likely due to main thread calling result() on a CommitFuture.
WARNING:absl:[process=0][thread=MainThread][operation_id=21] _SignalingThread.join() waiting for signals ([]) blocking the main thread will slow down blocking save times. This is likely due to main thread calling result() on a CommitFuture.
WARNING:absl:[process=0][thread=MainThread][operation_id=22] _SignalingThread.join() waiting for signals ([]) blocking the main thread will slow down blocking save times. This is likely due to main thread calling result() on a CommitFuture.
